# Logfile created on 2019-01-12 22:33:58 +0100 by logger.rb/47272
I, [2019-01-12T22:33:58.501109 #5216]  INFO -- : Running example 'Verifying a pact between Pact.Consumer.MVC and Pact.Provider.Api A get request to provider/api/cars/manufacturers/tesla/models/2018 with GET /provider/api/cars/manufacturers/tesla/models/2018 returns a response which has status code 200'
I, [2019-01-12T22:33:58.501109 #5216]  INFO -- : Sending GET request to path: "/provider/api/cars/manufacturers/tesla/models/2018" with headers: {"HTTP_ACCEPT"=>"application/json", "HTTP_X_PACT_ORIGINAL_HEADER_NAMES"=>"Accept"}, see debug logs for body
D, [2019-01-12T22:33:58.501109 #5216] DEBUG -- : body :
I, [2019-01-12T22:34:00.546905 #5216]  INFO -- : Running example 'Verifying a pact between Pact.Consumer.MVC and Pact.Provider.Api A get request to provider/api/cars/manufacturers/tesla/models/2018 with GET /provider/api/cars/manufacturers/tesla/models/2018 returns a response which has a matching body'
I, [2019-01-12T22:34:00.547905 #5216]  INFO -- : Sending GET request to path: "/provider/api/cars/manufacturers/tesla/models/2018" with headers: {"HTTP_ACCEPT"=>"application/json", "HTTP_X_PACT_ORIGINAL_HEADER_NAMES"=>"Accept"}, see debug logs for body
D, [2019-01-12T22:34:00.547905 #5216] DEBUG -- : body :
I, [2019-01-12T22:34:02.552861 #5216]  INFO -- : Running example 'Verifying a pact between Pact.Consumer.MVC and Pact.Provider.Api A get request to provider/api/cars/manufacturers/tesla/models/2018 with GET /provider/api/cars/manufacturers/tesla/models/2018 returns a response which includes headers "Content-Type" which equals "application/json; charset=utf-8"'
I, [2019-01-12T22:34:02.552861 #5216]  INFO -- : Sending GET request to path: "/provider/api/cars/manufacturers/tesla/models/2018" with headers: {"HTTP_ACCEPT"=>"application/json", "HTTP_X_PACT_ORIGINAL_HEADER_NAMES"=>"Accept"}, see debug logs for body
D, [2019-01-12T22:34:02.552861 #5216] DEBUG -- : body :
I, [2019-01-12T22:38:04.456834 #7120]  INFO -- : Running example 'Verifying a pact between Pact.Consumer.MVC and Pact.Provider.Api A get request to provider/api/cars/manufacturers/tesla/models/2018 with GET /provider/api/cars/manufacturers/tesla/models/2018 returns a response which has status code 200'
I, [2019-01-12T22:38:04.456834 #7120]  INFO -- : Sending GET request to path: "/provider/api/cars/manufacturers/tesla/models/2018" with headers: {"HTTP_ACCEPT"=>"application/json", "HTTP_X_PACT_ORIGINAL_HEADER_NAMES"=>"Accept"}, see debug logs for body
D, [2019-01-12T22:38:04.456834 #7120] DEBUG -- : body :
I, [2019-01-12T22:38:06.488843 #7120]  INFO -- : Running example 'Verifying a pact between Pact.Consumer.MVC and Pact.Provider.Api A get request to provider/api/cars/manufacturers/tesla/models/2018 with GET /provider/api/cars/manufacturers/tesla/models/2018 returns a response which has a matching body'
I, [2019-01-12T22:38:06.489811 #7120]  INFO -- : Sending GET request to path: "/provider/api/cars/manufacturers/tesla/models/2018" with headers: {"HTTP_ACCEPT"=>"application/json", "HTTP_X_PACT_ORIGINAL_HEADER_NAMES"=>"Accept"}, see debug logs for body
D, [2019-01-12T22:38:06.490810 #7120] DEBUG -- : body :
I, [2019-01-12T22:38:08.502026 #7120]  INFO -- : Running example 'Verifying a pact between Pact.Consumer.MVC and Pact.Provider.Api A get request to provider/api/cars/manufacturers/tesla/models/2018 with GET /provider/api/cars/manufacturers/tesla/models/2018 returns a response which includes headers "Content-Type" which equals "application/json; charset=utf-8"'
I, [2019-01-12T22:38:08.502026 #7120]  INFO -- : Sending GET request to path: "/provider/api/cars/manufacturers/tesla/models/2018" with headers: {"HTTP_ACCEPT"=>"application/json", "HTTP_X_PACT_ORIGINAL_HEADER_NAMES"=>"Accept"}, see debug logs for body
D, [2019-01-12T22:38:08.503023 #7120] DEBUG -- : body :
I, [2019-01-13T00:15:46.566145 #4300]  INFO -- : Running example 'Verifying a pact between Pact.Consumer.MVC and Pact.Provider.Api A get request to provider/api/cars/manufacturers/tesla/models/2018 with GET /provider/api/cars/manufacturers/tesla/models/2018 returns a response which has status code 200'
I, [2019-01-13T00:15:46.567143 #4300]  INFO -- : Sending GET request to path: "/provider/api/cars/manufacturers/tesla/models/2018" with headers: {"HTTP_ACCEPT"=>"application/json", "HTTP_X_PACT_ORIGINAL_HEADER_NAMES"=>"Accept"}, see debug logs for body
D, [2019-01-13T00:15:46.567143 #4300] DEBUG -- : body :
I, [2019-01-13T00:15:46.858974 #4300]  INFO -- : Received response with status: 500, headers: {"Date"=>"Sat, 12 Jan 2019 23:15:45 GMT", "Server"=>"Kestrel", "Content-Length"=>"0"}, see debug logs for body
D, [2019-01-13T00:15:46.858974 #4300] DEBUG -- : body: 
I, [2019-01-13T00:17:00.195500 #19384]  INFO -- : Running example 'Verifying a pact between Pact.Consumer.MVC and Pact.Provider.Api A get request to provider/api/cars/manufacturers/tesla/models/2018 with GET /provider/api/cars/manufacturers/tesla/models/2018 returns a response which has status code 200'
I, [2019-01-13T00:17:00.196500 #19384]  INFO -- : Sending GET request to path: "/provider/api/cars/manufacturers/tesla/models/2018" with headers: {"HTTP_ACCEPT"=>"application/json", "HTTP_X_PACT_ORIGINAL_HEADER_NAMES"=>"Accept"}, see debug logs for body
D, [2019-01-13T00:17:00.196500 #19384] DEBUG -- : body :
I, [2019-01-13T00:17:00.487335 #19384]  INFO -- : Received response with status: 500, headers: {"Date"=>"Sat, 12 Jan 2019 23:16:59 GMT", "Server"=>"Kestrel", "Content-Length"=>"0"}, see debug logs for body
D, [2019-01-13T00:17:00.488332 #19384] DEBUG -- : body: 
I, [2019-01-13T00:23:22.585205 #19508]  INFO -- : Running example 'Verifying a pact between Pact.Consumer.MVC and Pact.Provider.Api A get request to provider/api/cars/manufacturers/tesla/models/2018 with GET /provider/api/cars/manufacturers/tesla/models/2018 returns a response which has status code 200'
I, [2019-01-13T00:23:22.586191 #19508]  INFO -- : Sending GET request to path: "/provider/api/cars/manufacturers/tesla/models/2018" with headers: {"HTTP_ACCEPT"=>"application/json", "HTTP_X_PACT_ORIGINAL_HEADER_NAMES"=>"Accept"}, see debug logs for body
D, [2019-01-13T00:23:22.586191 #19508] DEBUG -- : body :
I, [2019-01-13T00:23:22.828061 #19508]  INFO -- : Received response with status: 500, headers: {"Date"=>"Sat, 12 Jan 2019 23:23:22 GMT", "Server"=>"Kestrel", "Content-Length"=>"0"}, see debug logs for body
D, [2019-01-13T00:23:22.829050 #19508] DEBUG -- : body: 
I, [2019-01-13T00:23:53.272240 #11444]  INFO -- : Running example 'Verifying a pact between Pact.Consumer.MVC and Pact.Provider.Api A get request to provider/api/cars/manufacturers/tesla/models/2018 with GET /provider/api/cars/manufacturers/tesla/models/2018 returns a response which has status code 200'
I, [2019-01-13T00:23:53.272240 #11444]  INFO -- : Sending GET request to path: "/provider/api/cars/manufacturers/tesla/models/2018" with headers: {"HTTP_ACCEPT"=>"application/json", "HTTP_X_PACT_ORIGINAL_HEADER_NAMES"=>"Accept"}, see debug logs for body
D, [2019-01-13T00:23:53.273240 #11444] DEBUG -- : body :
I, [2019-01-13T00:23:53.567071 #11444]  INFO -- : Received response with status: 500, headers: {"Date"=>"Sat, 12 Jan 2019 23:23:53 GMT", "Server"=>"Kestrel", "Content-Length"=>"0"}, see debug logs for body
D, [2019-01-13T00:23:53.568070 #11444] DEBUG -- : body: 
I, [2019-01-13T00:27:13.841151 #18724]  INFO -- : Running example 'Verifying a pact between Pact.Consumer.MVC and Pact.Provider.Api A get request to provider/api/cars/manufacturers/tesla/models/2018 with GET /provider/api/cars/manufacturers/tesla/models/2018 returns a response which has status code 200'
I, [2019-01-13T00:27:13.842150 #18724]  INFO -- : Sending GET request to path: "/provider/api/cars/manufacturers/tesla/models/2018" with headers: {"HTTP_ACCEPT"=>"application/json", "HTTP_X_PACT_ORIGINAL_HEADER_NAMES"=>"Accept"}, see debug logs for body
D, [2019-01-13T00:27:13.842150 #18724] DEBUG -- : body :
I, [2019-01-13T00:27:14.025047 #18724]  INFO -- : Received response with status: 404, headers: {"Date"=>"Sat, 12 Jan 2019 23:27:13 GMT", "Server"=>"Kestrel", "Content-Length"=>"0"}, see debug logs for body
D, [2019-01-13T00:27:14.026047 #18724] DEBUG -- : body: 
I, [2019-01-13T00:28:00.688304 #11060]  INFO -- : Running example 'Verifying a pact between Pact.Consumer.MVC and Pact.Provider.Api A get request to provider/api/cars/manufacturers/tesla/models/2018 with GET /provider/api/cars/manufacturers/tesla/models/2018 returns a response which has status code 200'
I, [2019-01-13T00:28:00.688304 #11060]  INFO -- : Sending GET request to path: "/provider/api/cars/manufacturers/tesla/models/2018" with headers: {"HTTP_ACCEPT"=>"application/json", "HTTP_X_PACT_ORIGINAL_HEADER_NAMES"=>"Accept"}, see debug logs for body
D, [2019-01-13T00:28:00.689304 #11060] DEBUG -- : body :
I, [2019-01-13T00:28:00.884200 #11060]  INFO -- : Received response with status: 404, headers: {"Date"=>"Sat, 12 Jan 2019 23:28:00 GMT", "Server"=>"Kestrel", "Content-Length"=>"0"}, see debug logs for body
D, [2019-01-13T00:28:00.885189 #11060] DEBUG -- : body: 
I, [2019-01-13T00:29:24.643328 #11088]  INFO -- : Running example 'Verifying a pact between Pact.Consumer.MVC and Pact.Provider.Api A get request to provider/api/cars/manufacturers/tesla/models/2018 with GET /provider/api/cars/manufacturers/tesla/models/2018 returns a response which has status code 200'
I, [2019-01-13T00:29:24.643328 #11088]  INFO -- : Sending GET request to path: "/provider/api/cars/manufacturers/tesla/models/2018" with headers: {"HTTP_ACCEPT"=>"application/json", "HTTP_X_PACT_ORIGINAL_HEADER_NAMES"=>"Accept"}, see debug logs for body
D, [2019-01-13T00:29:24.644311 #11088] DEBUG -- : body :
I, [2019-01-13T00:29:33.695309 #11088]  INFO -- : Received response with status: 404, headers: {"Date"=>"Sat, 12 Jan 2019 23:29:29 GMT", "Server"=>"Kestrel", "Content-Length"=>"0"}, see debug logs for body
D, [2019-01-13T00:29:33.696309 #11088] DEBUG -- : body: 
I, [2019-01-13T00:33:03.885509 #19224]  INFO -- : Running example 'Verifying a pact between Pact.Consumer.MVC and Pact.Provider.Api A get request to provider/api/cars/manufacturers/tesla/models/2018 with GET /provider/api/cars/manufacturers/tesla/models/2018 returns a response which has status code 200'
I, [2019-01-13T00:33:10.124440 #19224]  INFO -- : Running example 'Verifying a pact between Pact.Consumer.MVC and Pact.Provider.Api A get request to provider/api/cars/manufacturers/tesla/models/2018 with GET /provider/api/cars/manufacturers/tesla/models/2018 returns a response which has a matching body'
I, [2019-01-13T00:33:16.324882 #19224]  INFO -- : Running example 'Verifying a pact between Pact.Consumer.MVC and Pact.Provider.Api A get request to provider/api/cars/manufacturers/tesla/models/2018 with GET /provider/api/cars/manufacturers/tesla/models/2018 returns a response which includes headers "Content-Type" which equals "application/json; charset=utf-8"'
I, [2019-01-13T00:33:36.500429 #2628]  INFO -- : Running example 'Verifying a pact between Pact.Consumer.MVC and Pact.Provider.Api A get request to provider/api/cars/manufacturers/tesla/models/2018 with GET /provider/api/cars/manufacturers/tesla/models/2018 returns a response which has status code 200'
I, [2019-01-13T00:33:42.708440 #2628]  INFO -- : Running example 'Verifying a pact between Pact.Consumer.MVC and Pact.Provider.Api A get request to provider/api/cars/manufacturers/tesla/models/2018 with GET /provider/api/cars/manufacturers/tesla/models/2018 returns a response which has a matching body'
I, [2019-01-13T00:33:48.912713 #2628]  INFO -- : Running example 'Verifying a pact between Pact.Consumer.MVC and Pact.Provider.Api A get request to provider/api/cars/manufacturers/tesla/models/2018 with GET /provider/api/cars/manufacturers/tesla/models/2018 returns a response which includes headers "Content-Type" which equals "application/json; charset=utf-8"'
I, [2019-01-13T00:38:37.954033 #14832]  INFO -- : Running example 'Verifying a pact between Pact.Consumer.MVC and Pact.Provider.Api A get request to provider/api/cars/manufacturers/tesla/models/2018 with GET /provider/api/cars/manufacturers/tesla/models/2018 returns a response which has status code 200'
I, [2019-01-13T00:38:44.221427 #14832]  INFO -- : Running example 'Verifying a pact between Pact.Consumer.MVC and Pact.Provider.Api A get request to provider/api/cars/manufacturers/tesla/models/2018 with GET /provider/api/cars/manufacturers/tesla/models/2018 returns a response which has a matching body'
I, [2019-01-13T00:38:50.456892 #14832]  INFO -- : Running example 'Verifying a pact between Pact.Consumer.MVC and Pact.Provider.Api A get request to provider/api/cars/manufacturers/tesla/models/2018 with GET /provider/api/cars/manufacturers/tesla/models/2018 returns a response which includes headers "Content-Type" which equals "application/json; charset=utf-8"'
I, [2019-01-13T00:39:29.227968 #18772]  INFO -- : Running example 'Verifying a pact between Pact.Consumer.MVC and Pact.Provider.Api A get request to provider/api/cars/manufacturers/tesla/models/2018 with GET /provider/api/cars/manufacturers/tesla/models/2018 returns a response which has status code 200'
I, [2019-01-13T00:39:35.472378 #18772]  INFO -- : Running example 'Verifying a pact between Pact.Consumer.MVC and Pact.Provider.Api A get request to provider/api/cars/manufacturers/tesla/models/2018 with GET /provider/api/cars/manufacturers/tesla/models/2018 returns a response which has a matching body'
I, [2019-01-13T00:39:41.676161 #18772]  INFO -- : Running example 'Verifying a pact between Pact.Consumer.MVC and Pact.Provider.Api A get request to provider/api/cars/manufacturers/tesla/models/2018 with GET /provider/api/cars/manufacturers/tesla/models/2018 returns a response which includes headers "Content-Type" which equals "application/json; charset=utf-8"'
I, [2019-01-13T00:40:39.144249 #3660]  INFO -- : Running example 'Verifying a pact between Pact.Consumer.MVC and Pact.Provider.Api A get request to provider/api/cars/manufacturers/tesla/models/2018 with GET /provider/api/cars/manufacturers/tesla/models/2018 returns a response which has status code 200'
I, [2019-01-13T00:40:39.145249 #3660]  INFO -- : Sending GET request to path: "/provider/api/cars/manufacturers/tesla/models/2018" with headers: {"HTTP_ACCEPT"=>"application/json", "HTTP_X_PACT_ORIGINAL_HEADER_NAMES"=>"Accept"}, see debug logs for body
D, [2019-01-13T00:40:39.146249 #3660] DEBUG -- : body :
I, [2019-01-13T00:40:39.510040 #3660]  INFO -- : Received response with status: 500, headers: {"Date"=>"Sat, 12 Jan 2019 23:40:38 GMT", "Server"=>"Kestrel", "Content-Length"=>"0"}, see debug logs for body
D, [2019-01-13T00:40:39.511040 #3660] DEBUG -- : body: 
I, [2019-01-13T00:41:28.793551 #948]  INFO -- : Running example 'Verifying a pact between Pact.Consumer.MVC and Pact.Provider.Api A get request to provider/api/cars/manufacturers/tesla/models/2018 with GET /provider/api/cars/manufacturers/tesla/models/2018 returns a response which has status code 200'
I, [2019-01-13T00:41:28.793551 #948]  INFO -- : Sending GET request to path: "/provider/api/cars/manufacturers/tesla/models/2018" with headers: {"HTTP_ACCEPT"=>"application/json", "HTTP_X_PACT_ORIGINAL_HEADER_NAMES"=>"Accept"}, see debug logs for body
D, [2019-01-13T00:41:28.794553 #948] DEBUG -- : body :
I, [2019-01-13T00:41:47.540717 #948]  INFO -- : Received response with status: 500, headers: {"Date"=>"Sat, 12 Jan 2019 23:41:47 GMT", "Server"=>"Kestrel", "Content-Length"=>"0"}, see debug logs for body
D, [2019-01-13T00:41:47.541697 #948] DEBUG -- : body: 
I, [2019-01-13T00:49:58.841147 #10760]  INFO -- : Running example 'Verifying a pact between Pact.Consumer.MVC and Pact.Provider.Api A get request to provider/api/cars/manufacturers/tesla/models/2018 with GET /provider/api/cars/manufacturers/tesla/models/2018 returns a response which has status code 200'
I, [2019-01-13T00:49:58.842145 #10760]  INFO -- : Sending GET request to path: "/provider/api/cars/manufacturers/tesla/models/2018" with headers: {"HTTP_ACCEPT"=>"application/json", "HTTP_X_PACT_ORIGINAL_HEADER_NAMES"=>"Accept"}, see debug logs for body
D, [2019-01-13T00:49:58.842145 #10760] DEBUG -- : body :
I, [2019-01-13T00:50:04.347095 #10760]  INFO -- : Received response with status: 500, headers: {"Date"=>"Sat, 12 Jan 2019 23:50:04 GMT", "Server"=>"Kestrel", "Content-Length"=>"0"}, see debug logs for body
D, [2019-01-13T00:50:04.348094 #10760] DEBUG -- : body: 
I, [2019-01-13T00:50:39.719025 #17380]  INFO -- : Running example 'Verifying a pact between Pact.Consumer.MVC and Pact.Provider.Api A get request to provider/api/cars/manufacturers/tesla/models/2018 with GET /provider/api/cars/manufacturers/tesla/models/2018 returns a response which has status code 200'
I, [2019-01-13T00:50:39.719025 #17380]  INFO -- : Sending GET request to path: "/provider/api/cars/manufacturers/tesla/models/2018" with headers: {"HTTP_ACCEPT"=>"application/json", "HTTP_X_PACT_ORIGINAL_HEADER_NAMES"=>"Accept"}, see debug logs for body
D, [2019-01-13T00:50:39.720024 #17380] DEBUG -- : body :
I, [2019-01-13T00:54:34.718380 #3800]  INFO -- : Running example 'Verifying a pact between Pact.Consumer.MVC and Pact.Provider.Api A get request to provider/api/cars/manufacturers/tesla/models/2018 with GET /provider/api/cars/manufacturers/tesla/models/2018 returns a response which has status code 200'
I, [2019-01-13T00:54:34.719381 #3800]  INFO -- : Sending GET request to path: "/provider/api/cars/manufacturers/tesla/models/2018" with headers: {"HTTP_ACCEPT"=>"application/json", "HTTP_X_PACT_ORIGINAL_HEADER_NAMES"=>"Accept"}, see debug logs for body
D, [2019-01-13T00:54:34.720379 #3800] DEBUG -- : body :
I, [2019-01-13T00:55:51.824719 #19556]  INFO -- : Running example 'Verifying a pact between Pact.Consumer.MVC and Pact.Provider.Api A get request to provider/api/cars/manufacturers/tesla/models/2018 with GET /provider/api/cars/manufacturers/tesla/models/2018 returns a response which has status code 200'
I, [2019-01-13T00:55:51.825738 #19556]  INFO -- : Sending GET request to path: "/provider/api/cars/manufacturers/tesla/models/2018" with headers: {"HTTP_ACCEPT"=>"application/json", "HTTP_X_PACT_ORIGINAL_HEADER_NAMES"=>"Accept"}, see debug logs for body
D, [2019-01-13T00:55:51.825738 #19556] DEBUG -- : body :
I, [2019-01-13T00:56:25.077795 #20048]  INFO -- : Running example 'Verifying a pact between Pact.Consumer.MVC and Pact.Provider.Api A get request to provider/api/cars/manufacturers/tesla/models/2018 with GET /provider/api/cars/manufacturers/tesla/models/2018 returns a response which has status code 200'
I, [2019-01-13T00:56:25.078795 #20048]  INFO -- : Sending GET request to path: "/provider/api/cars/manufacturers/tesla/models/2018" with headers: {"HTTP_ACCEPT"=>"application/json", "HTTP_X_PACT_ORIGINAL_HEADER_NAMES"=>"Accept"}, see debug logs for body
D, [2019-01-13T00:56:25.078795 #20048] DEBUG -- : body :
I, [2019-01-13T09:21:16.780412 #12508]  INFO -- : Running example 'Verifying a pact between Pact.Consumer.MVC and Pact.Provider.Api A get request to provider/api/cars/manufacturers/tesla/models/2018 with GET /provider/api/cars/manufacturers/tesla/models/2018 returns a response which has status code 200'
I, [2019-01-13T09:21:16.782422 #12508]  INFO -- : Sending GET request to path: "/provider/api/cars/manufacturers/tesla/models/2018" with headers: {"HTTP_ACCEPT"=>"application/json", "HTTP_X_PACT_ORIGINAL_HEADER_NAMES"=>"Accept"}, see debug logs for body
D, [2019-01-13T09:21:16.783407 #12508] DEBUG -- : body :
I, [2019-01-13T09:21:17.072514 #12508]  INFO -- : Received response with status: 200, headers: {"Date"=>"Sun, 13 Jan 2019 08:21:16 GMT", "Content-Type"=>"application/json; charset=utf-8", "Server"=>"Kestrel", "Content-Length"=>"316"}, see debug logs for body
D, [2019-01-13T09:21:17.073534 #12508] DEBUG -- : body: {"Results":[{"Make_ID":441,"Make_Name":"tesla","Model_ID":1685,"Model_Name":"Model S"},{"Make_ID":441,"Make_Name":"tesla","Model_ID":10199,"Model_Name":"Model X"},{"Make_ID":441,"Make_Name":"tesla","Model_ID":17834,"Model_Name":"Model 3"}],"Count":3,"Message":"kjgfs ","SearchCriteria":"Make:Tesla | ModelYear:2018"}
I, [2019-01-13T09:24:03.102815 #10000]  INFO -- : Running example 'Verifying a pact between Pact.Consumer.MVC and Pact.Provider.Api A get request to provider/api/cars/manufacturers/tesla/models/2018 with GET /provider/api/cars/manufacturers/tesla/models/2018 returns a response which has status code 200'
I, [2019-01-13T09:24:03.102815 #10000]  INFO -- : Sending GET request to path: "/provider/api/cars/manufacturers/tesla/models/2018" with headers: {"HTTP_ACCEPT"=>"application/json", "HTTP_X_PACT_ORIGINAL_HEADER_NAMES"=>"Accept"}, see debug logs for body
D, [2019-01-13T09:24:03.102815 #10000] DEBUG -- : body :
I, [2019-01-13T09:24:03.359670 #10000]  INFO -- : Received response with status: 200, headers: {"Date"=>"Sun, 13 Jan 2019 08:24:02 GMT", "Content-Type"=>"application/json; charset=utf-8", "Server"=>"Kestrel", "Content-Length"=>"316"}, see debug logs for body
D, [2019-01-13T09:24:03.359670 #10000] DEBUG -- : body: {"Results":[{"Make_ID":441,"Make_Name":"tesla","Model_ID":1685,"Model_Name":"Model S"},{"Make_ID":441,"Make_Name":"tesla","Model_ID":10199,"Model_Name":"Model X"},{"Make_ID":441,"Make_Name":"tesla","Model_ID":17834,"Model_Name":"Model 3"}],"Count":3,"Message":"kjgfs ","SearchCriteria":"Make:Tesla | ModelYear:2018"}
